<?xml version="1.0" encoding="UTF-8"?>
<testng-results ignored="0" total="1" passed="1" failed="0" skipped="0">
  <reporter-output>
  </reporter-output>
  <suite started-at="2023-01-02T09:23:53 GMT" name="Default suite" finished-at="2023-01-02T09:24:36 GMT" duration-ms="42657">
    <groups>
    </groups>
    <test started-at="2023-01-02T09:23:53 GMT" name="Default test" finished-at="2023-01-02T09:24:36 GMT" duration-ms="42657">
      <class name="LoginFunctions.DeleteDetails">
        <test-method is-config="true" signature="beforemethod()[pri:0, instance:LoginFunctions.DeleteDetails@6c130c45]" started-at="2023-01-02T09:23:53 GMT" name="beforemethod" finished-at="2023-01-02T09:24:05 GMT" duration-ms="11449" status="PASS">
          <reporter-output>
          </reporter-output>
        </test-method> <!-- beforemethod -->
        <test-method signature="delete_details()[pri:0, instance:LoginFunctions.DeleteDetails@6c130c45]" started-at="2023-01-02T09:24:05 GMT" name="delete_details" finished-at="2023-01-02T09:24:36 GMT" duration-ms="30951" status="PASS">
          <reporter-output>
          </reporter-output>
        </test-method> <!-- delete_details -->
        <test-method is-config="true" signature="afterclosure()[pri:0, instance:LoginFunctions.DeleteDetails@6c130c45]" started-at="2023-01-02T09:24:36 GMT" name="afterclosure" finished-at="2023-01-02T09:24:36 GMT" duration-ms="179" status="PASS">
          <reporter-output>
          </reporter-output>
        </test-method> <!-- afterclosure -->
      </class> <!-- LoginFunctions.DeleteDetails -->
    </test> <!-- Default test -->
  </suite> <!-- Default suite -->
</testng-results>
